<?xml version="1.0" encoding="UTF-8"?>
<testng-results ignored="0" total="3" passed="2" failed="1" skipped="0">
  <reporter-output>
  </reporter-output>
  <suite started-at="2021-06-22T13:33:51 EET" name="SuiteAll" finished-at="2021-06-22T13:35:10 EET" duration-ms="79420">
    <groups>
    </groups>
    <test started-at="2021-06-22T13:33:51 EET" name="Test" finished-at="2021-06-22T13:35:10 EET" duration-ms="79420">
      <class name="com.google.testcases.SearchTests">
        <test-method is-config="true" signature="loadConfig()[pri:0, instance:com.google.testcases.SearchTests@67c33749]" started-at="2021-06-22T13:33:51 EET" name="loadConfig" finished-at="2021-06-22T13:33:51 EET" duration-ms="290" status="PASS">
          <reporter-output>
          </reporter-output>
        </test-method> <!-- loadConfig -->
        <test-method is-config="true" signature="setup()[pri:0, instance:com.google.testcases.SearchTests@67c33749]" started-at="2021-06-22T13:33:51 EET" name="setup" finished-at="2021-06-22T13:34:18 EET" duration-ms="26630" status="PASS">
          <reporter-output>
          </reporter-output>
        </test-method> <!-- setup -->
        <test-method signature="searchTest(java.lang.String)[pri:0, instance:com.google.testcases.SearchTests@67c33749]" started-at="2021-06-22T13:34:18 EET" name="searchTest" data-provider="searchKeywords" finished-at="2021-06-22T13:34:35 EET" duration-ms="16695" status="PASS">
          <params>
            <param index="0">
              <value>
                <![CDATA[Vodafone]]>
              </value>
            </param>
          </params>
          <reporter-output>
          </reporter-output>
        </test-method> <!-- searchTest -->
        <test-method is-config="true" signature="tearDown()[pri:0, instance:com.google.testcases.SearchTests@67c33749]" started-at="2021-06-22T13:34:35 EET" name="tearDown" finished-at="2021-06-22T13:34:36 EET" duration-ms="858" status="PASS">
          <reporter-output>
          </reporter-output>
        </test-method> <!-- tearDown -->
        <test-method is-config="true" signature="setup()[pri:0, instance:com.google.testcases.SearchTests@67c33749]" started-at="2021-06-22T13:34:36 EET" name="setup" finished-at="2021-06-22T13:34:41 EET" duration-ms="5713" status="PASS">
          <reporter-output>
          </reporter-output>
        </test-method> <!-- setup -->
        <test-method signature="searchTest(java.lang.String)[pri:0, instance:com.google.testcases.SearchTests@67c33749]" started-at="2021-06-22T13:34:41 EET" name="searchTest" data-provider="searchKeywords" finished-at="2021-06-22T13:34:53 EET" duration-ms="11573" status="PASS">
          <params>
            <param index="0">
              <value>
                <![CDATA[VOIS]]>
              </value>
            </param>
          </params>
          <reporter-output>
          </reporter-output>
        </test-method> <!-- searchTest -->
        <test-method is-config="true" signature="tearDown()[pri:0, instance:com.google.testcases.SearchTests@67c33749]" started-at="2021-06-22T13:34:53 EET" name="tearDown" finished-at="2021-06-22T13:34:54 EET" duration-ms="837" status="PASS">
          <reporter-output>
          </reporter-output>
        </test-method> <!-- tearDown -->
        <test-method is-config="true" signature="setup()[pri:0, instance:com.google.testcases.SearchTests@67c33749]" started-at="2021-06-22T13:34:54 EET" name="setup" finished-at="2021-06-22T13:34:59 EET" duration-ms="5678" status="PASS">
          <reporter-output>
          </reporter-output>
        </test-method> <!-- setup -->
        <test-method signature="searchTestFailure()[pri:0, instance:com.google.testcases.SearchTests@67c33749]" started-at="2021-06-22T13:34:59 EET" name="searchTestFailure" finished-at="2021-06-22T13:35:09 EET" duration-ms="9979" status="FAIL">
          <exception class="java.lang.AssertionError">
            <message>
              <![CDATA[expected [5] but found [10]]]>
            </message>
            <full-stacktrace>
              <![CDATA[java.lang.AssertionError: expected [5] but found [10]
at org.testng.Assert.fail(Assert.java:99)
at org.testng.Assert.failNotEquals(Assert.java:1037)
at org.testng.Assert.assertEqualsImpl(Assert.java:140)
at org.testng.Assert.assertEquals(Assert.java:122)
at org.testng.Assert.assertEquals(Assert.java:907)
at org.testng.Assert.assertEquals(Assert.java:917)
at com.google.testcases.SearchTests.searchTestFailure(SearchTests.java:84)
at java.base/jdk.internal.reflect.NativeMethodAccessorImpl.invoke0(Native Method)
at java.base/jdk.internal.reflect.NativeMethodAccessorImpl.invoke(NativeMethodAccessorImpl.java:64)
at java.base/jdk.internal.reflect.DelegatingMethodAccessorImpl.invoke(DelegatingMethodAccessorImpl.java:43)
at java.base/java.lang.reflect.Method.invoke(Method.java:564)
at org.testng.internal.MethodInvocationHelper.invokeMethod(MethodInvocationHelper.java:133)
at org.testng.internal.TestInvoker.invokeMethod(TestInvoker.java:598)
at org.testng.internal.TestInvoker.invokeTestMethod(TestInvoker.java:173)
at org.testng.internal.MethodRunner.runInSequence(MethodRunner.java:46)
at org.testng.internal.TestInvoker$MethodInvocationAgent.invoke(TestInvoker.java:824)
at org.testng.internal.TestInvoker.invokeTestMethods(TestInvoker.java:146)
at org.testng.internal.TestMethodWorker.invokeTestMethods(TestMethodWorker.java:146)
at org.testng.internal.TestMethodWorker.run(TestMethodWorker.java:128)
at java.base/java.util.ArrayList.forEach(ArrayList.java:1511)
at org.testng.TestRunner.privateRun(TestRunner.java:794)
at org.testng.TestRunner.run(TestRunner.java:596)
at org.testng.SuiteRunner.runTest(SuiteRunner.java:377)
at org.testng.SuiteRunner.runSequentially(SuiteRunner.java:371)
at org.testng.SuiteRunner.privateRun(SuiteRunner.java:332)
at org.testng.SuiteRunner.run(SuiteRunner.java:276)
at org.testng.SuiteRunnerWorker.runSuite(SuiteRunnerWorker.java:53)
at org.testng.SuiteRunnerWorker.run(SuiteRunnerWorker.java:96)
at org.testng.TestNG.runSuitesSequentially(TestNG.java:1212)
at org.testng.TestNG.runSuitesLocally(TestNG.java:1134)
at org.testng.TestNG.runSuites(TestNG.java:1063)
at org.testng.TestNG.run(TestNG.java:1031)
at org.testng.remote.AbstractRemoteTestNG.run(AbstractRemoteTestNG.java:115)
at org.testng.remote.RemoteTestNG.initAndRun(RemoteTestNG.java:251)
at org.testng.remote.RemoteTestNG.main(RemoteTestNG.java:77)
]]>
            </full-stacktrace>
          </exception> <!-- java.lang.AssertionError -->
          <reporter-output>
          </reporter-output>
        </test-method> <!-- searchTestFailure -->
        <test-method is-config="true" signature="tearDown()[pri:0, instance:com.google.testcases.SearchTests@67c33749]" started-at="2021-06-22T13:35:09 EET" name="tearDown" finished-at="2021-06-22T13:35:10 EET" duration-ms="833" status="PASS">
          <reporter-output>
          </reporter-output>
        </test-method> <!-- tearDown -->
        <test-method is-config="true" signature="afterSuite()[pri:0, instance:com.google.testcases.SearchTests@67c33749]" started-at="2021-06-22T13:35:10 EET" name="afterSuite" finished-at="2021-06-22T13:35:11 EET" duration-ms="243" status="PASS">
          <reporter-output>
          </reporter-output>
        </test-method> <!-- afterSuite -->
      </class> <!-- com.google.testcases.SearchTests -->
    </test> <!-- Test -->
  </suite> <!-- SuiteAll -->
</testng-results>
