<?xml version="1.0" encoding="UTF-8"?>
<!-- Generated by org.testng.reporters.JUnitXMLReporter -->
<testsuite ignored="0" hostname="DESKTOP-06AGL7I" failures="1" tests="3" name="Test" time="79.42" errors="0" timestamp="2021-06-22T13:35:10 EET">
  <testcase classname="com.google.testcases.SearchTests" name="searchTest" time="16.695"/>
  <testcase classname="com.google.testcases.SearchTests" name="searchTest" time="11.573"/>
  <testcase classname="com.google.testcases.SearchTests" name="searchTestFailure" time="9.979">
    <failure type="java.lang.AssertionError" message="expected [5] but found [10]">
      <![CDATA[java.lang.AssertionError: expected [5] but found [10]
at com.google.testcases.SearchTests.searchTestFailure(SearchTests.java:84)
at java.base/java.util.ArrayList.forEach(ArrayList.java:1511)
... Removed 33 stack frames]]>
    </failure>
  </testcase> <!-- searchTestFailure -->
</testsuite> <!-- Test -->
